<?xml version="1.0" encoding="UTF-8"?>
<!-- Generated by org.testng.reporters.JUnitReportReporter -->
<testsuite hostname="DESKTOP-NN9J2VM" failures="0" tests="1" name="testngPractise.VerifyTitle" time="7.714" errors="0" timestamp="18 Aug 2023 07:15:29 GMT" skipped="0">
  <testcase classname="testngPractise.VerifyTitle" name="verifyTitle" time="7.714"/>
</testsuite> <!-- testngPractise.VerifyTitle -->
