<?xml version="1.0" encoding="UTF-8"?>
<!-- Generated by org.testng.reporters.JUnitReportReporter -->
<testsuite hostname="DESKTOP-NN9J2VM" failures="0" tests="1" name="testngPractise.Login" time="12.187" errors="0" timestamp="18 Aug 2023 07:15:29 GMT" skipped="0">
  <testcase classname="testngPractise.Login" name="login" time="12.187"/>
</testsuite> <!-- testngPractise.Login -->
