<?xml version="1.0" encoding="UTF-8"?>
<!-- Generated by org.testng.reporters.JUnitReportReporter -->
<testsuite hostname="DESKTOP-NN9J2VM" failures="0" tests="1" name="OrangeHRM.demo" time="31.832" errors="0" timestamp="22 Aug 2023 07:04:03 GMT" skipped="0">
  <testcase classname="OrangeHRM.demo" name="login" time="31.832"/>
</testsuite> <!-- OrangeHRM.demo -->
